Flutter crash report.
Please report a bug at https://github.com/flutter/flutter/issues.

## command

flutter run --machine --target lib\main.dart -d emulator-5554 --dart-define=flutter.inspector.structuredErrors=true --start-paused --web-server-debug-protocol ws --web-server-debug-backend-protocol ws --web-allow-expose-url --devtools-server-address http://127.0.0.1:9100/ --devtools-server-address http://127.0.0.1:9100/ --devtools-server-address http://127.0.0.1:9100/ --devtools-server-address http://127.0.0.1:9100/ --devtools-server-address http://127.0.0.1:9100/ --devtools-server-address http://127.0.0.1:9100/ --devtools-server-address http://127.0.0.1:9100/

## exception

RPCError: getIsolate: (112) Service has disappeared

```
```

## flutter doctor

```
[✓] Flutter (Channel dev, 1.27.0-4.0.pre, on Microsoft Windows [Version 10.0.19042.804], locale en-US)
    • Flutter version 1.27.0-4.0.pre at C:\Tools\flutter
    • Framework revision f8cd24de95 (5 days ago), 2021-02-16 11:24:17 -0800
    • Engine revision 1d537824d6
    • Dart version 2.13.0 (build 2.13.0-30.0.dev)

[!] Android toolchain - develop for Android devices (Android SDK version 30.0.3)
    • Android SDK at C:\Users\Jan Kenzi Masangkay\AppData\Local\Android\sdk
    • Platform android-30, build-tools 30.0.3
    • Java binary at: C:\Program Files\Android\Android Studio\jre\bin\java
    • Java version OpenJDK Runtime Environment (build 1.8.0_242-release-1644-b01)
    ✗ Android license status unknown.
      Run `flutter doctor --android-licenses` to accept the SDK licenses.
      See https://flutter.dev/docs/get-started/install/windows#android-setup for more details.

[✓] Chrome - develop for the web
    • Chrome at C:\Program Files (x86)\Google\Chrome\Application\chrome.exe

[✗] Visual Studio - develop for Windows
    ✗ Visual Studio not installed; this is necessary for Windows development.
      Download at https://visualstudio.microsoft.com/downloads/.
      Please install the "Desktop development with C++" workload, including all of its default components

[✓] Android Studio (version 4.1.0)
    • Android Studio at C:\Program Files\Android\Android Studio
    • Flutter plugin can be installed from:
      🔨 https://plugins.jetbrains.com/plugin/9212-flutter
    • Dart plugin can be installed from:
      🔨 https://plugins.jetbrains.com/plugin/6351-dart
    • Java version OpenJDK Runtime Environment (build 1.8.0_242-release-1644-b01)

[✓] VS Code (version 1.53.2)
    • VS Code at C:\Users\Jan Kenzi Masangkay\AppData\Local\Programs\Microsoft VS Code
    • Flutter extension version 3.19.0

[✓] Connected device (4 available)
    • sdk gphone x86 (mobile) • emulator-5554 • android-x86    • Android 11 (API 30) (emulator)
    • Windows (desktop)       • windows       • windows-x64    • Microsoft Windows [Version 10.0.19042.804]
    • Chrome (web)            • chrome        • web-javascript • Google Chrome 88.0.4324.182
    • Edge (web)              • edge          • web-javascript • Microsoft Edge 85.0.564.51

! Doctor found issues in 2 categories.
```
