Flutter crash report.
Please report a bug at https://github.com/flutter/flutter/issues.

## command

flutter pub get

## exception

ProcessException: ProcessException: The process cannot access the file because it is being used by another process.

  Command: "C:\Program Files\Git\bin\git.EXE" ls-remote --get-url origin

```
#0      _ProcessImpl._runAndWait (dart:io-patch/process_patch.dart:476:7)
#1      _runNonInteractiveProcessSync (dart:io-patch/process_patch.dart:619:18)
#2      Process.runSync (dart:io-patch/process_patch.dart:66:12)
#3      LocalProcessManager.runSync (package:process/src/interface/local_process_manager.dart:90:20)
#4      ErrorHandlingProcessManager.runSync.<anonymous closure> (package:flutter_tools/src/base/error_handling_io.dart:661:37)
#5      _runSync (package:flutter_tools/src/base/error_handling_io.dart:560:14)
#6      ErrorHandlingProcessManager.runSync (package:flutter_tools/src/base/error_handling_io.dart:661:12)
#7      _DefaultProcessUtils.runSync (package:flutter_tools/src/base/process.dart:422:51)
#8      _runGit (package:flutter_tools/src/version.dart:658:23)
#9      FlutterVersion.channel (package:flutter_tools/src/version.dart:109:26)
#10     FlutterVersion.checkFlutterVersionFreshness (package:flutter_tools/src/version.dart:379:37)
#11     FlutterCommandRunner.runCommand.<anonymous closure> (package:flutter_tools/src/runner/flutter_command_runner.dart:254:40)
<asynchronous suspension>
#12     AppContext.run.<anonymous closure> (package:flutter_tools/src/base/context.dart:152:19)
<asynchronous suspension>
#13     AppContext.run (package:flutter_tools/src/base/context.dart:151:12)
<asynchronous suspension>
#14     FlutterCommandRunner.runCommand (package:flutter_tools/src/runner/flutter_command_runner.dart:236:5)
<asynchronous suspension>
#15     run.<anonymous closure>.<anonymous closure> (package:flutter_tools/runner.dart:66:9)
<asynchronous suspension>
#16     run.<anonymous closure> (package:flutter_tools/runner.dart:64:12)
<asynchronous suspension>
#17     AppContext.run.<anonymous closure> (package:flutter_tools/src/base/context.dart:152:19)
<asynchronous suspension>
#18     AppContext.run (package:flutter_tools/src/base/context.dart:151:12)
<asynchronous suspension>
#19     runInContext (package:flutter_tools/src/context_runner.dart:75:10)
<asynchronous suspension>
#20     main (package:flutter_tools/executable.dart:92:3)
<asynchronous suspension>
```

## flutter doctor

```
[✓] Flutter (Channel master, 1.26.0-18.0.pre.95, on Microsoft Windows [Version 10.0.19042.746], locale en-US)
    • Flutter version 1.26.0-18.0.pre.95 at C:\Tools\flutter
    • Framework revision 014e689087 (4 days ago), 2021-02-01 07:56:04 -0500
    • Engine revision 833d9953a7
    • Dart version 2.12.0 (build 2.12.0-276.0.dev)

[!] Android toolchain - develop for Android devices (Android SDK version 30.0.3)
    • Android SDK at C:\Users\Jan Kenzi Masangkay\AppData\Local\Android\sdk
    • Platform android-30, build-tools 30.0.3
    • Java binary at: C:\Program Files\Android\Android Studio\jre\bin\java
    • Java version OpenJDK Runtime Environment (build 1.8.0_242-release-1644-b01)
    ✗ Android license status unknown.
      Run `flutter doctor --android-licenses` to accept the SDK licenses.
      See https://flutter.dev/docs/get-started/install/windows#android-setup for more details.

[✓] Chrome - develop for the web
    • Chrome at C:\Program Files (x86)\Google\Chrome\Application\chrome.exe

[✗] Visual Studio - develop for Windows
    ✗ Visual Studio not installed; this is necessary for Windows development.
      Download at https://visualstudio.microsoft.com/downloads/.
      Please install the "Desktop development with C++" workload, including all of its default components

[✓] Android Studio (version 4.1.0)
    • Android Studio at C:\Program Files\Android\Android Studio
    • Flutter plugin can be installed from:
      🔨 https://plugins.jetbrains.com/plugin/9212-flutter
    • Dart plugin can be installed from:
      🔨 https://plugins.jetbrains.com/plugin/6351-dart
    • Java version OpenJDK Runtime Environment (build 1.8.0_242-release-1644-b01)

[✓] VS Code (version 1.53.0)
    • VS Code at C:\Users\Jan Kenzi Masangkay\AppData\Local\Programs\Microsoft VS Code
    • Flutter extension version 3.19.0

[✓] Connected device (4 available)
    • sdk gphone x86 (mobile) • emulator-5554 • android-x86    • Android 11 (API 30) (emulator)
    • Windows (desktop)       • windows       • windows-x64    • Microsoft Windows [Version 10.0.19042.746]
    • Chrome (web)            • chrome        • web-javascript • Google Chrome 88.0.4324.146
    • Edge (web)              • edge          • web-javascript • Microsoft Edge 85.0.564.51

! Doctor found issues in 2 categories.
```
